<?xml version="1.0" encoding="UTF-8"?>
<!-- Generated by org.testng.reporters.JUnitXMLReporter -->
<testsuite hostname="Anujalhans01" name="Amazon Application Test Cases" tests="10" failures="0" timestamp="16 May 2021 08:09:13 GMT" time="200.178" errors="0">
  <testcase name="validateSortSearchResultsByPriceLowToHighTest" time="6.68" classname="com.nagp.amazon.tests.AmazonProductSearchResultsPageTest"/>
  <testcase name="openLoginScreenTest" time="1.622" classname="com.nagp.amazon.tests.AmazonLoginPageTest"/>
  <testcase name="amazonLogoOnHomePageTest" time="0.133" classname="com.nagp.amazon.tests.AmazonHomePageTest"/>
  <testcase name="conditionsOfUseTest" time="6.648" classname="com.nagp.amazon.tests.AmazonLoginPageTest"/>
  <testcase name="clickAndValidateTodaysDealsPage" time="6.07" classname="com.nagp.amazon.tests.AmazonHomePageTest"/>
  <testcase name="privacyNoticeTest" time="2.923" classname="com.nagp.amazon.tests.AmazonLoginPageTest"/>
  <testcase name="enterAndValidateDeliveryAddressPincodeTest" time="9.572" classname="com.nagp.amazon.tests.AmazonHomePageTest"/>
  <testcase name="loginTest" time="6.814" classname="com.nagp.amazon.tests.AmazonLoginPageTest"/>
  <testcase name="searchProductTest" time="2.785" classname="com.nagp.amazon.tests.AmazonHomePageTest"/>
  <testcase name="failedLoginTest" time="13.087" classname="com.nagp.amazon.tests.AmazonLoginPageTest"/>
</testsuite> <!-- Amazon Application Test Cases -->
